[debug] [2021-09-20T11:44:57.139Z] ----------------------------------------------------------------------
[debug] [2021-09-20T11:44:57.141Z] Command:       /usr/local/bin/node /usr/local/bin/firebase serve
[debug] [2021-09-20T11:44:57.141Z] CLI Version:   9.18.0
[debug] [2021-09-20T11:44:57.141Z] Platform:      darwin
[debug] [2021-09-20T11:44:57.141Z] Node Version:  v14.16.0
[debug] [2021-09-20T11:44:57.142Z] Time:          Mon Sep 20 2021 18:44:57 GMT+0700 (Indochina Time)
[debug] [2021-09-20T11:44:57.142Z] ----------------------------------------------------------------------
[debug] 
[debug] [2021-09-20T11:44:57.144Z] >>> [apiv2][query] GET https://firebase-public.firebaseio.com/cli.json [none]
[debug] [2021-09-20T11:44:57.210Z] > command requires scopes: ["email","openid","https://www.googleapis.com/auth/cloudplatformprojects.readonly","https://www.googleapis.com/auth/firebase","https://www.googleapis.com/auth/cloud-platform"]
[debug] [2021-09-20T11:44:57.211Z] > authorizing via signed-in user (juank060790@gmail.com)
[debug] [2021-09-20T11:44:57.211Z] [iam] checking project coderschool-project-gibbon for permissions ["firebase.projects.get"]
[debug] [2021-09-20T11:44:57.212Z] > refreshing access token with scopes: ["email","https://www.googleapis.com/auth/cloud-platform","https://www.googleapis.com/auth/cloudplatformprojects.readonly","https://www.googleapis.com/auth/firebase","openid"]
[debug] [2021-09-20T11:44:57.212Z] >>> HTTP REQUEST POST https://www.googleapis.com/oauth2/v3/token  
 <request body omitted>
[debug] [2021-09-20T11:44:57.449Z] <<< HTTP RESPONSE 200 {"expires":"Mon, 01 Jan 1990 00:00:00 GMT","pragma":"no-cache","date":"Mon, 20 Sep 2021 11:44:57 GMT","cache-control":"no-cache, no-store, max-age=0, must-revalidate","content-type":"application/json; charset=utf-8","vary":"X-Origin, Referer, Origin,Accept-Encoding","server":"scaffolding on HTTPServer2","x-xss-protection":"0","x-frame-options":"SAMEORIGIN","x-content-type-options":"nosniff","alt-svc":"h3=\":443\"; ma=2592000,h3-29=\":443\"; ma=2592000,h3-T051=\":443\"; ma=2592000,h3-Q050=\":443\"; ma=2592000,h3-Q046=\":443\"; ma=2592000,h3-Q043=\":443\"; ma=2592000,quic=\":443\"; ma=2592000; v=\"46,43\"","accept-ranges":"none","transfer-encoding":"chunked"}
[debug] [2021-09-20T11:44:57.476Z] >>> HTTP REQUEST POST https://cloudresourcemanager.googleapis.com/v1/projects/coderschool-project-gibbon:testIamPermissions  
 {"permissions":["firebase.projects.get"]}
[debug] [2021-09-20T11:44:57.885Z] <<< [apiv2][status] GET https://firebase-public.firebaseio.com/cli.json 200
[debug] [2021-09-20T11:44:57.886Z] <<< [apiv2][body] GET https://firebase-public.firebaseio.com/cli.json {"cloudBuildErrorAfter":1594252800000,"cloudBuildWarnAfter":1590019200000,"defaultNode10After":1594252800000,"minVersion":"3.0.5","node8DeploysDisabledAfter":1613390400000,"node8RuntimeDisabledAfter":1615809600000,"node8WarnAfter":1600128000000}
[debug] [2021-09-20T11:44:58.627Z] <<< HTTP RESPONSE 200 {"content-type":"application/json; charset=UTF-8","vary":"X-Origin, Referer, Origin,Accept-Encoding","date":"Mon, 20 Sep 2021 11:44:58 GMT","server":"ESF","cache-control":"private","x-xss-protection":"0","x-frame-options":"SAMEORIGIN","x-content-type-options":"nosniff","server-timing":"gfet4t7; dur=878","alt-svc":"h3=\":443\"; ma=2592000,h3-29=\":443\"; ma=2592000,h3-T051=\":443\"; ma=2592000,h3-Q050=\":443\"; ma=2592000,h3-Q046=\":443\"; ma=2592000,h3-Q043=\":443\"; ma=2592000,quic=\":443\"; ma=2592000; v=\"46,43\"","accept-ranges":"none","transfer-encoding":"chunked"}
[debug] [2021-09-20T11:44:58.628Z] [iam] error while checking permissions, command may fail: FirebaseError: Authorization failed. This account is missing the following required permissions on project coderschool-project-gibbon:

  firebase.projects.get
[debug] [2021-09-20T11:44:58.629Z] > refreshing access token with scopes: []
[debug] [2021-09-20T11:44:58.629Z] >>> HTTP REQUEST POST https://www.googleapis.com/oauth2/v3/token  
 <request body omitted>
[debug] [2021-09-20T11:44:58.816Z] <<< HTTP RESPONSE 200 {"cache-control":"no-cache, no-store, max-age=0, must-revalidate","pragma":"no-cache","expires":"Mon, 01 Jan 1990 00:00:00 GMT","date":"Mon, 20 Sep 2021 11:44:58 GMT","content-type":"application/json; charset=utf-8","vary":"X-Origin, Referer, Origin,Accept-Encoding","server":"scaffolding on HTTPServer2","x-xss-protection":"0","x-frame-options":"SAMEORIGIN","x-content-type-options":"nosniff","alt-svc":"h3=\":443\"; ma=2592000,h3-29=\":443\"; ma=2592000,h3-T051=\":443\"; ma=2592000,h3-Q050=\":443\"; ma=2592000,h3-Q046=\":443\"; ma=2592000,h3-Q043=\":443\"; ma=2592000,quic=\":443\"; ma=2592000; v=\"46,43\"","accept-ranges":"none","transfer-encoding":"chunked"}
[debug] [2021-09-20T11:44:58.842Z] >>> [apiv2][query] GET https://firebase.googleapis.com/v1beta1/projects/coderschool-project-gibbon [none]
[debug] [2021-09-20T11:44:59.390Z] <<< [apiv2][status] GET https://firebase.googleapis.com/v1beta1/projects/coderschool-project-gibbon 403
[debug] [2021-09-20T11:44:59.390Z] <<< [apiv2][body] GET https://firebase.googleapis.com/v1beta1/projects/coderschool-project-gibbon {"error":{"code":403,"message":"The caller does not have permission","status":"PERMISSION_DENIED"}}
[debug] [2021-09-20T11:44:59.390Z] HTTP Error: 403, The caller does not have permission
[debug] [2021-09-20T11:44:59.621Z] FirebaseError: HTTP Error: 403, The caller does not have permission
    at module.exports (/usr/local/lib/node_modules/firebase-tools/lib/responseToError.js:38:12)
    at Client.doRequest (/usr/local/lib/node_modules/firebase-tools/lib/apiv2.js:238:23)
    at processTicksAndRejections (internal/process/task_queues.js:93:5)
    at async Client.request (/usr/local/lib/node_modules/firebase-tools/lib/apiv2.js:96:20)
    at async Object.getFirebaseProject (/usr/local/lib/node_modules/firebase-tools/lib/management/projects.js:290:21)
    at async needProjectNumber (/usr/local/lib/node_modules/firebase-tools/lib/projectUtils.js:46:22)
    at async /usr/local/lib/node_modules/firebase-tools/lib/command.js:188:17
[error] 
[error] Error: Failed to get Firebase project coderschool-project-gibbon. Please make sure the project exists and your account has permission to access it.
